2026-03-11 12:25:51,569 - INFO - Successfully read JSON file: data/raw/book_1.json
2026-03-18 12:02:22,304 - INFO - Successfully fetched data from https://openlibrary.org/search.json (Page 1)
2026-03-18 12:02:24,010 - INFO - Successfully fetched data from https://openlibrary.org/search.json (Page 2)
2026-03-18 12:02:25,035 - INFO - Successfully fetched data from https://openlibrary.org/search.json (Page 3)
2026-03-18 12:08:43,414 - INFO - Successfully fetched data from https://openlibrary.org/search.json (Page 1)
2026-03-18 12:08:44,366 - INFO - Successfully fetched data from https://openlibrary.org/search.json (Page 2)
2026-03-18 12:08:45,260 - INFO - Successfully fetched data from https://openlibrary.org/search.json (Page 3)
2026-03-25 11:28:52,575 - ERROR - Error on attempt 1: 422 Client Error: Unprocessable Entity for url: https://openlibrary.org/search.json?q=3&page=1
2026-03-25 11:28:52,576 - ERROR - Response: {"detail":[{"type":"value_error","loc":["query","q"],"msg":"Value error, Query too short, must be at least 3 characters","input":"3","ctx":{"error":{}}}]}
2026-03-25 11:28:54,635 - ERROR - Error on attempt 2: 422 Client Error: Unprocessable Entity for url: https://openlibrary.org/search.json?q=3&page=1
2026-03-25 11:28:54,635 - ERROR - Response: {"detail":[{"type":"value_error","loc":["query","q"],"msg":"Value error, Query too short, must be at least 3 characters","input":"3","ctx":{"error":{}}}]}
2026-03-25 11:28:57,668 - ERROR - Error on attempt 3: 422 Client Error: Unprocessable Entity for url: https://openlibrary.org/search.json?q=3&page=1
2026-03-25 11:28:57,668 - ERROR - Response: {"detail":[{"type":"value_error","loc":["query","q"],"msg":"Value error, Query too short, must be at least 3 characters","input":"3","ctx":{"error":{}}}]}
2026-03-25 11:29:01,669 - ERROR - Failed after 3 attempts.
2026-03-25 11:29:02,700 - ERROR - Error on attempt 1: 422 Client Error: Unprocessable Entity for url: https://openlibrary.org/search.json?q=3&page=2
2026-03-25 11:29:02,700 - ERROR - Response: {"detail":[{"type":"value_error","loc":["query","q"],"msg":"Value error, Query too short, must be at least 3 characters","input":"3","ctx":{"error":{}}}]}
2026-03-25 11:29:04,750 - ERROR - Error on attempt 2: 422 Client Error: Unprocessable Entity for url: https://openlibrary.org/search.json?q=3&page=2
2026-03-25 11:29:04,750 - ERROR - Response: {"detail":[{"type":"value_error","loc":["query","q"],"msg":"Value error, Query too short, must be at least 3 characters","input":"3","ctx":{"error":{}}}]}
2026-03-25 11:29:07,926 - ERROR - Error on attempt 3: 422 Client Error: Unprocessable Entity for url: https://openlibrary.org/search.json?q=3&page=2
2026-03-25 11:29:07,927 - ERROR - Response: {"detail":[{"type":"value_error","loc":["query","q"],"msg":"Value error, Query too short, must be at least 3 characters","input":"3","ctx":{"error":{}}}]}
2026-03-25 11:29:11,927 - ERROR - Failed after 3 attempts.
2026-03-25 11:29:12,940 - ERROR - Error on attempt 1: 422 Client Error: Unprocessable Entity for url: https://openlibrary.org/search.json?q=3&page=3
2026-03-25 11:29:12,940 - ERROR - Response: {"detail":[{"type":"value_error","loc":["query","q"],"msg":"Value error, Query too short, must be at least 3 characters","input":"3","ctx":{"error":{}}}]}
2026-03-25 11:29:14,938 - ERROR - Error on attempt 2: 422 Client Error: Unprocessable Entity for url: https://openlibrary.org/search.json?q=3&page=3
2026-03-25 11:29:14,938 - ERROR - Response: {"detail":[{"type":"value_error","loc":["query","q"],"msg":"Value error, Query too short, must be at least 3 characters","input":"3","ctx":{"error":{}}}]}
2026-03-25 11:29:18,061 - ERROR - Error on attempt 3: 422 Client Error: Unprocessable Entity for url: https://openlibrary.org/search.json?q=3&page=3
2026-03-25 11:29:18,061 - ERROR - Response: {"detail":[{"type":"value_error","loc":["query","q"],"msg":"Value error, Query too short, must be at least 3 characters","input":"3","ctx":{"error":{}}}]}
2026-03-25 11:29:22,062 - ERROR - Failed after 3 attempts.
2026-03-25 11:29:22,067 - INFO - Pipeline finished successfully
2026-03-25 11:29:24,103 - ERROR - Error on attempt 1: 422 Client Error: Unprocessable Entity for url: https://openlibrary.org/search.json?q=3&page=1
2026-03-25 11:29:24,104 - ERROR - Response: {"detail":[{"type":"value_error","loc":["query","q"],"msg":"Value error, Query too short, must be at least 3 characters","input":"3","ctx":{"error":{}}}]}
2026-03-25 11:29:26,195 - ERROR - Error on attempt 2: 422 Client Error: Unprocessable Entity for url: https://openlibrary.org/search.json?q=3&page=1
2026-03-25 11:29:26,195 - ERROR - Response: {"detail":[{"type":"value_error","loc":["query","q"],"msg":"Value error, Query too short, must be at least 3 characters","input":"3","ctx":{"error":{}}}]}
2026-03-25 11:29:29,329 - ERROR - Error on attempt 3: 422 Client Error: Unprocessable Entity for url: https://openlibrary.org/search.json?q=3&page=1
2026-03-25 11:29:29,329 - ERROR - Response: {"detail":[{"type":"value_error","loc":["query","q"],"msg":"Value error, Query too short, must be at least 3 characters","input":"3","ctx":{"error":{}}}]}
2026-03-25 11:29:33,330 - ERROR - Failed after 3 attempts.
2026-03-25 11:29:34,355 - ERROR - Error on attempt 1: 422 Client Error: Unprocessable Entity for url: https://openlibrary.org/search.json?q=3&page=2
2026-03-25 11:29:34,355 - ERROR - Response: {"detail":[{"type":"value_error","loc":["query","q"],"msg":"Value error, Query too short, must be at least 3 characters","input":"3","ctx":{"error":{}}}]}
2026-03-25 11:29:36,400 - ERROR - Error on attempt 2: 422 Client Error: Unprocessable Entity for url: https://openlibrary.org/search.json?q=3&page=2
2026-03-25 11:29:36,400 - ERROR - Response: {"detail":[{"type":"value_error","loc":["query","q"],"msg":"Value error, Query too short, must be at least 3 characters","input":"3","ctx":{"error":{}}}]}
2026-03-25 11:29:39,378 - ERROR - Error on attempt 3: 422 Client Error: Unprocessable Entity for url: https://openlibrary.org/search.json?q=3&page=2
2026-03-25 11:29:39,378 - ERROR - Response: {"detail":[{"type":"value_error","loc":["query","q"],"msg":"Value error, Query too short, must be at least 3 characters","input":"3","ctx":{"error":{}}}]}
2026-03-25 11:29:43,379 - ERROR - Failed after 3 attempts.
2026-03-25 11:29:44,378 - ERROR - Error on attempt 1: 422 Client Error: Unprocessable Entity for url: https://openlibrary.org/search.json?q=3&page=3
2026-03-25 11:29:44,378 - ERROR - Response: {"detail":[{"type":"value_error","loc":["query","q"],"msg":"Value error, Query too short, must be at least 3 characters","input":"3","ctx":{"error":{}}}]}
2026-03-25 11:29:46,399 - ERROR - Error on attempt 2: 422 Client Error: Unprocessable Entity for url: https://openlibrary.org/search.json?q=3&page=3
2026-03-25 11:29:46,400 - ERROR - Response: {"detail":[{"type":"value_error","loc":["query","q"],"msg":"Value error, Query too short, must be at least 3 characters","input":"3","ctx":{"error":{}}}]}
2026-03-25 11:29:49,500 - ERROR - Error on attempt 3: 422 Client Error: Unprocessable Entity for url: https://openlibrary.org/search.json?q=3&page=3
2026-03-25 11:29:49,500 - ERROR - Response: {"detail":[{"type":"value_error","loc":["query","q"],"msg":"Value error, Query too short, must be at least 3 characters","input":"3","ctx":{"error":{}}}]}
2026-03-25 11:29:53,500 - ERROR - Failed after 3 attempts.
2026-03-25 11:29:53,504 - INFO - Pipeline finished successfully
2026-03-25 11:30:09,168 - ERROR - Error on attempt 1: 422 Client Error: Unprocessable Entity for url: https://openlibrary.org/search.json?q=3&page=1
2026-03-25 11:30:09,168 - ERROR - Response: {"detail":[{"type":"value_error","loc":["query","q"],"msg":"Value error, Query too short, must be at least 3 characters","input":"3","ctx":{"error":{}}}]}
2026-03-25 11:30:11,119 - ERROR - Error on attempt 2: 422 Client Error: Unprocessable Entity for url: https://openlibrary.org/search.json?q=3&page=1
2026-03-25 11:30:11,120 - ERROR - Response: {"detail":[{"type":"value_error","loc":["query","q"],"msg":"Value error, Query too short, must be at least 3 characters","input":"3","ctx":{"error":{}}}]}
2026-03-25 11:30:14,178 - ERROR - Error on attempt 3: 422 Client Error: Unprocessable Entity for url: https://openlibrary.org/search.json?q=3&page=1
2026-03-25 11:30:14,178 - ERROR - Response: {"detail":[{"type":"value_error","loc":["query","q"],"msg":"Value error, Query too short, must be at least 3 characters","input":"3","ctx":{"error":{}}}]}
2026-03-25 11:30:18,178 - ERROR - Failed after 3 attempts.
2026-03-25 11:30:19,193 - ERROR - Error on attempt 1: 422 Client Error: Unprocessable Entity for url: https://openlibrary.org/search.json?q=3&page=2
2026-03-25 11:30:19,193 - ERROR - Response: {"detail":[{"type":"value_error","loc":["query","q"],"msg":"Value error, Query too short, must be at least 3 characters","input":"3","ctx":{"error":{}}}]}
2026-03-25 11:30:21,245 - ERROR - Error on attempt 2: 422 Client Error: Unprocessable Entity for url: https://openlibrary.org/search.json?q=3&page=2
2026-03-25 11:30:21,245 - ERROR - Response: {"detail":[{"type":"value_error","loc":["query","q"],"msg":"Value error, Query too short, must be at least 3 characters","input":"3","ctx":{"error":{}}}]}
2026-03-25 11:30:24,168 - ERROR - Error on attempt 3: 422 Client Error: Unprocessable Entity for url: https://openlibrary.org/search.json?q=3&page=2
2026-03-25 11:30:24,168 - ERROR - Response: {"detail":[{"type":"value_error","loc":["query","q"],"msg":"Value error, Query too short, must be at least 3 characters","input":"3","ctx":{"error":{}}}]}
2026-03-25 11:30:28,169 - ERROR - Failed after 3 attempts.
2026-03-25 11:30:29,127 - ERROR - Error on attempt 1: 422 Client Error: Unprocessable Entity for url: https://openlibrary.org/search.json?q=3&page=3
2026-03-25 11:30:29,127 - ERROR - Response: {"detail":[{"type":"value_error","loc":["query","q"],"msg":"Value error, Query too short, must be at least 3 characters","input":"3","ctx":{"error":{}}}]}
2026-03-25 11:30:31,175 - ERROR - Error on attempt 2: 422 Client Error: Unprocessable Entity for url: https://openlibrary.org/search.json?q=3&page=3
2026-03-25 11:30:31,175 - ERROR - Response: {"detail":[{"type":"value_error","loc":["query","q"],"msg":"Value error, Query too short, must be at least 3 characters","input":"3","ctx":{"error":{}}}]}
2026-03-25 11:30:34,161 - ERROR - Error on attempt 3: 422 Client Error: Unprocessable Entity for url: https://openlibrary.org/search.json?q=3&page=3
2026-03-25 11:30:34,162 - ERROR - Response: {"detail":[{"type":"value_error","loc":["query","q"],"msg":"Value error, Query too short, must be at least 3 characters","input":"3","ctx":{"error":{}}}]}
2026-03-25 11:30:38,162 - ERROR - Failed after 3 attempts.
2026-03-25 11:30:38,166 - INFO - Pipeline finished successfully
2026-03-25 11:42:24,076 - INFO - Successfully fetched data from https://openlibrary.org/search.json (Page 1)
2026-03-25 11:42:25,345 - INFO - Successfully fetched data from https://openlibrary.org/search.json (Page 2)
2026-03-25 11:42:26,550 - INFO - Successfully fetched data from https://openlibrary.org/search.json (Page 3)
2026-03-25 11:42:26,742 - INFO - Pipeline finished successfully
2026-03-29 22:53:58,022 - INFO - ========== Pipeline Started ==========
2026-03-29 22:53:58,032 - INFO - === Starting API Pipeline ===
2026-03-29 22:54:01,318 - INFO - Successfully fetched data from https://openlibrary.org/search.json (Page 1)
2026-03-29 22:54:02,529 - INFO - Successfully fetched data from https://openlibrary.org/search.json (Page 2)
2026-03-29 22:54:05,136 - INFO - Successfully fetched data from https://openlibrary.org/search.json (Page 3)
2026-03-29 22:54:05,216 - INFO - Inserted document with id 69c9916d77a892eebbcce3d7 from source: openlibrary_api
2026-03-29 22:54:05,217 - INFO - Inserted document with id 69c9916d77a892eebbcce3d8 from source: openlibrary_api
2026-03-29 22:54:05,217 - INFO - Inserted document with id 69c9916d77a892eebbcce3d9 from source: openlibrary_api
2026-03-29 22:54:05,218 - INFO - Inserted document with id 69c9916d77a892eebbcce3da from source: openlibrary_api
2026-03-29 22:54:05,218 - INFO - Inserted document with id 69c9916d77a892eebbcce3db from source: openlibrary_api
2026-03-29 22:54:05,219 - INFO - Inserted document with id 69c9916d77a892eebbcce3dc from source: openlibrary_api
2026-03-29 22:54:05,219 - INFO - Inserted document with id 69c9916d77a892eebbcce3dd from source: openlibrary_api
2026-03-29 22:54:05,220 - INFO - Inserted document with id 69c9916d77a892eebbcce3de from source: openlibrary_api
2026-03-29 22:54:05,220 - INFO - Inserted document with id 69c9916d77a892eebbcce3df from source: openlibrary_api
2026-03-29 22:54:05,221 - INFO - Inserted document with id 69c9916d77a892eebbcce3e0 from source: openlibrary_api
2026-03-29 22:54:05,221 - INFO - Inserted document with id 69c9916d77a892eebbcce3e1 from source: openlibrary_api
2026-03-29 22:54:05,222 - INFO - Inserted document with id 69c9916d77a892eebbcce3e2 from source: openlibrary_api
2026-03-29 22:54:05,223 - INFO - Inserted document with id 69c9916d77a892eebbcce3e3 from source: openlibrary_api
2026-03-29 22:54:05,224 - INFO - Inserted document with id 69c9916d77a892eebbcce3e4 from source: openlibrary_api
2026-03-29 22:54:05,225 - INFO - Inserted document with id 69c9916d77a892eebbcce3e5 from source: openlibrary_api
2026-03-29 22:54:05,226 - INFO - Inserted document with id 69c9916d77a892eebbcce3e6 from source: openlibrary_api
2026-03-29 22:54:05,227 - INFO - Inserted document with id 69c9916d77a892eebbcce3e7 from source: openlibrary_api
2026-03-29 22:54:05,227 - INFO - Inserted document with id 69c9916d77a892eebbcce3e8 from source: openlibrary_api
2026-03-29 22:54:05,228 - INFO - Inserted document with id 69c9916d77a892eebbcce3e9 from source: openlibrary_api
2026-03-29 22:54:05,229 - INFO - Inserted document with id 69c9916d77a892eebbcce3ea from source: openlibrary_api
2026-03-29 22:54:05,229 - INFO - Inserted document with id 69c9916d77a892eebbcce3eb from source: openlibrary_api
2026-03-29 22:54:05,230 - INFO - Inserted document with id 69c9916d77a892eebbcce3ec from source: openlibrary_api
2026-03-29 22:54:05,231 - INFO - Inserted document with id 69c9916d77a892eebbcce3ed from source: openlibrary_api
2026-03-29 22:54:05,232 - INFO - Inserted document with id 69c9916d77a892eebbcce3ee from source: openlibrary_api
2026-03-29 22:54:05,232 - INFO - Inserted document with id 69c9916d77a892eebbcce3ef from source: openlibrary_api
2026-03-29 22:54:05,233 - INFO - Inserted document with id 69c9916d77a892eebbcce3f0 from source: openlibrary_api
2026-03-29 22:54:05,233 - INFO - Inserted document with id 69c9916d77a892eebbcce3f1 from source: openlibrary_api
2026-03-29 22:54:05,234 - INFO - Inserted document with id 69c9916d77a892eebbcce3f2 from source: openlibrary_api
2026-03-29 22:54:05,234 - INFO - Inserted document with id 69c9916d77a892eebbcce3f3 from source: openlibrary_api
2026-03-29 22:54:05,235 - INFO - Inserted document with id 69c9916d77a892eebbcce3f4 from source: openlibrary_api
2026-03-29 22:54:05,235 - INFO - Inserted document with id 69c9916d77a892eebbcce3f5 from source: openlibrary_api
2026-03-29 22:54:05,236 - INFO - Inserted document with id 69c9916d77a892eebbcce3f6 from source: openlibrary_api
2026-03-29 22:54:05,236 - INFO - Inserted document with id 69c9916d77a892eebbcce3f7 from source: openlibrary_api
2026-03-29 22:54:05,237 - INFO - Inserted document with id 69c9916d77a892eebbcce3f8 from source: openlibrary_api
2026-03-29 22:54:05,237 - INFO - Inserted document with id 69c9916d77a892eebbcce3f9 from source: openlibrary_api
2026-03-29 22:54:05,238 - INFO - Inserted document with id 69c9916d77a892eebbcce3fa from source: openlibrary_api
2026-03-29 22:54:05,238 - INFO - Inserted document with id 69c9916d77a892eebbcce3fb from source: openlibrary_api
2026-03-29 22:54:05,239 - INFO - Inserted document with id 69c9916d77a892eebbcce3fc from source: openlibrary_api
2026-03-29 22:54:05,239 - INFO - Inserted document with id 69c9916d77a892eebbcce3fd from source: openlibrary_api
2026-03-29 22:54:05,240 - INFO - Inserted document with id 69c9916d77a892eebbcce3fe from source: openlibrary_api
2026-03-29 22:54:05,241 - INFO - Inserted document with id 69c9916d77a892eebbcce3ff from source: openlibrary_api
2026-03-29 22:54:05,241 - INFO - Inserted document with id 69c9916d77a892eebbcce400 from source: openlibrary_api
2026-03-29 22:54:05,242 - INFO - Inserted document with id 69c9916d77a892eebbcce401 from source: openlibrary_api
2026-03-29 22:54:05,242 - INFO - Inserted document with id 69c9916d77a892eebbcce402 from source: openlibrary_api
2026-03-29 22:54:05,242 - INFO - Inserted document with id 69c9916d77a892eebbcce403 from source: openlibrary_api
2026-03-29 22:54:05,243 - INFO - Inserted document with id 69c9916d77a892eebbcce404 from source: openlibrary_api
2026-03-29 22:54:05,243 - INFO - Inserted document with id 69c9916d77a892eebbcce405 from source: openlibrary_api
2026-03-29 22:54:05,244 - INFO - Inserted document with id 69c9916d77a892eebbcce406 from source: openlibrary_api
2026-03-29 22:54:05,244 - INFO - Inserted document with id 69c9916d77a892eebbcce407 from source: openlibrary_api
2026-03-29 22:54:05,245 - INFO - Inserted document with id 69c9916d77a892eebbcce408 from source: openlibrary_api
2026-03-29 22:54:05,246 - INFO - Inserted document with id 69c9916d77a892eebbcce409 from source: openlibrary_api
2026-03-29 22:54:05,246 - INFO - Inserted document with id 69c9916d77a892eebbcce40a from source: openlibrary_api
2026-03-29 22:54:05,247 - INFO - Inserted document with id 69c9916d77a892eebbcce40b from source: openlibrary_api
2026-03-29 22:54:05,247 - INFO - Inserted document with id 69c9916d77a892eebbcce40c from source: openlibrary_api
2026-03-29 22:54:05,248 - INFO - Inserted document with id 69c9916d77a892eebbcce40d from source: openlibrary_api
2026-03-29 22:54:05,248 - INFO - Inserted document with id 69c9916d77a892eebbcce40e from source: openlibrary_api
2026-03-29 22:54:05,249 - INFO - Inserted document with id 69c9916d77a892eebbcce40f from source: openlibrary_api
2026-03-29 22:54:05,249 - INFO - Inserted document with id 69c9916d77a892eebbcce410 from source: openlibrary_api
2026-03-29 22:54:05,250 - INFO - Inserted document with id 69c9916d77a892eebbcce411 from source: openlibrary_api
2026-03-29 22:54:05,250 - INFO - Inserted document with id 69c9916d77a892eebbcce412 from source: openlibrary_api
2026-03-29 22:54:05,251 - INFO - Inserted document with id 69c9916d77a892eebbcce413 from source: openlibrary_api
2026-03-29 22:54:05,251 - INFO - Inserted document with id 69c9916d77a892eebbcce414 from source: openlibrary_api
2026-03-29 22:54:05,252 - INFO - Inserted document with id 69c9916d77a892eebbcce415 from source: openlibrary_api
2026-03-29 22:54:05,252 - INFO - Inserted document with id 69c9916d77a892eebbcce416 from source: openlibrary_api
2026-03-29 22:54:05,253 - INFO - Inserted document with id 69c9916d77a892eebbcce417 from source: openlibrary_api
2026-03-29 22:54:05,253 - INFO - Inserted document with id 69c9916d77a892eebbcce418 from source: openlibrary_api
2026-03-29 22:54:05,254 - INFO - Inserted document with id 69c9916d77a892eebbcce419 from source: openlibrary_api
2026-03-29 22:54:05,254 - INFO - Inserted document with id 69c9916d77a892eebbcce41a from source: openlibrary_api
2026-03-29 22:54:05,255 - INFO - Inserted document with id 69c9916d77a892eebbcce41b from source: openlibrary_api
2026-03-29 22:54:05,256 - INFO - Inserted document with id 69c9916d77a892eebbcce41c from source: openlibrary_api
2026-03-29 22:54:05,257 - INFO - Inserted document with id 69c9916d77a892eebbcce41d from source: openlibrary_api
2026-03-29 22:54:05,257 - INFO - Inserted document with id 69c9916d77a892eebbcce41e from source: openlibrary_api
2026-03-29 22:54:05,258 - INFO - Inserted document with id 69c9916d77a892eebbcce41f from source: openlibrary_api
2026-03-29 22:54:05,258 - INFO - Inserted document with id 69c9916d77a892eebbcce420 from source: openlibrary_api
2026-03-29 22:54:05,259 - INFO - Inserted document with id 69c9916d77a892eebbcce421 from source: openlibrary_api
2026-03-29 22:54:05,259 - INFO - Inserted document with id 69c9916d77a892eebbcce422 from source: openlibrary_api
2026-03-29 22:54:05,260 - INFO - Inserted document with id 69c9916d77a892eebbcce423 from source: openlibrary_api
2026-03-29 22:54:05,260 - INFO - Inserted document with id 69c9916d77a892eebbcce424 from source: openlibrary_api
2026-03-29 22:54:05,261 - INFO - Inserted document with id 69c9916d77a892eebbcce425 from source: openlibrary_api
2026-03-29 22:54:05,261 - INFO - Inserted document with id 69c9916d77a892eebbcce426 from source: openlibrary_api
2026-03-29 22:54:05,262 - INFO - Inserted document with id 69c9916d77a892eebbcce427 from source: openlibrary_api
2026-03-29 22:54:05,263 - INFO - Inserted document with id 69c9916d77a892eebbcce428 from source: openlibrary_api
2026-03-29 22:54:05,263 - INFO - Inserted document with id 69c9916d77a892eebbcce429 from source: openlibrary_api
2026-03-29 22:54:05,264 - INFO - Inserted document with id 69c9916d77a892eebbcce42a from source: openlibrary_api
2026-03-29 22:54:05,264 - INFO - Inserted document with id 69c9916d77a892eebbcce42b from source: openlibrary_api
2026-03-29 22:54:05,265 - INFO - Inserted document with id 69c9916d77a892eebbcce42c from source: openlibrary_api
2026-03-29 22:54:05,265 - INFO - Inserted document with id 69c9916d77a892eebbcce42d from source: openlibrary_api
2026-03-29 22:54:05,266 - INFO - Inserted document with id 69c9916d77a892eebbcce42e from source: openlibrary_api
2026-03-29 22:54:05,266 - INFO - Inserted document with id 69c9916d77a892eebbcce42f from source: openlibrary_api
2026-03-29 22:54:05,267 - INFO - Inserted document with id 69c9916d77a892eebbcce430 from source: openlibrary_api
2026-03-29 22:54:05,267 - INFO - Inserted document with id 69c9916d77a892eebbcce431 from source: openlibrary_api
2026-03-29 22:54:05,268 - INFO - Inserted document with id 69c9916d77a892eebbcce432 from source: openlibrary_api
2026-03-29 22:54:05,268 - INFO - Inserted document with id 69c9916d77a892eebbcce433 from source: openlibrary_api
2026-03-29 22:54:05,269 - INFO - Inserted document with id 69c9916d77a892eebbcce434 from source: openlibrary_api
2026-03-29 22:54:05,270 - INFO - Inserted document with id 69c9916d77a892eebbcce435 from source: openlibrary_api
2026-03-29 22:54:05,270 - INFO - Inserted document with id 69c9916d77a892eebbcce436 from source: openlibrary_api
2026-03-29 22:54:05,271 - INFO - Inserted document with id 69c9916d77a892eebbcce437 from source: openlibrary_api
2026-03-29 22:54:05,271 - INFO - Inserted document with id 69c9916d77a892eebbcce438 from source: openlibrary_api
2026-03-29 22:54:05,272 - INFO - Inserted document with id 69c9916d77a892eebbcce439 from source: openlibrary_api
2026-03-29 22:54:05,272 - INFO - Inserted document with id 69c9916d77a892eebbcce43a from source: openlibrary_api
2026-03-29 22:54:05,273 - INFO - Inserted document with id 69c9916d77a892eebbcce43b from source: openlibrary_api
2026-03-29 22:54:05,274 - INFO - Inserted document with id 69c9916d77a892eebbcce43c from source: openlibrary_api
2026-03-29 22:54:05,274 - INFO - Inserted document with id 69c9916d77a892eebbcce43d from source: openlibrary_api
2026-03-29 22:54:05,275 - INFO - Inserted document with id 69c9916d77a892eebbcce43e from source: openlibrary_api
2026-03-29 22:54:05,275 - INFO - Inserted document with id 69c9916d77a892eebbcce43f from source: openlibrary_api
2026-03-29 22:54:05,276 - INFO - Inserted document with id 69c9916d77a892eebbcce440 from source: openlibrary_api
2026-03-29 22:54:05,276 - INFO - Inserted document with id 69c9916d77a892eebbcce441 from source: openlibrary_api
2026-03-29 22:54:05,277 - INFO - Inserted document with id 69c9916d77a892eebbcce442 from source: openlibrary_api
2026-03-29 22:54:05,278 - INFO - Inserted document with id 69c9916d77a892eebbcce443 from source: openlibrary_api
2026-03-29 22:54:05,278 - INFO - Inserted document with id 69c9916d77a892eebbcce444 from source: openlibrary_api
2026-03-29 22:54:05,279 - INFO - Inserted document with id 69c9916d77a892eebbcce445 from source: openlibrary_api
2026-03-29 22:54:05,279 - INFO - Inserted document with id 69c9916d77a892eebbcce446 from source: openlibrary_api
2026-03-29 22:54:05,280 - INFO - Inserted document with id 69c9916d77a892eebbcce447 from source: openlibrary_api
2026-03-29 22:54:05,281 - INFO - Inserted document with id 69c9916d77a892eebbcce448 from source: openlibrary_api
2026-03-29 22:54:05,281 - INFO - Inserted document with id 69c9916d77a892eebbcce449 from source: openlibrary_api
2026-03-29 22:54:05,282 - INFO - Inserted document with id 69c9916d77a892eebbcce44a from source: openlibrary_api
2026-03-29 22:54:05,282 - INFO - Inserted document with id 69c9916d77a892eebbcce44b from source: openlibrary_api
2026-03-29 22:54:05,283 - INFO - Inserted document with id 69c9916d77a892eebbcce44c from source: openlibrary_api
2026-03-29 22:54:05,284 - INFO - Inserted document with id 69c9916d77a892eebbcce44d from source: openlibrary_api
2026-03-29 22:54:05,284 - INFO - Inserted document with id 69c9916d77a892eebbcce44e from source: openlibrary_api
2026-03-29 22:54:05,285 - INFO - Inserted document with id 69c9916d77a892eebbcce44f from source: openlibrary_api
2026-03-29 22:54:05,286 - INFO - Inserted document with id 69c9916d77a892eebbcce450 from source: openlibrary_api
2026-03-29 22:54:05,286 - INFO - Inserted document with id 69c9916d77a892eebbcce451 from source: openlibrary_api
2026-03-29 22:54:05,287 - INFO - Inserted document with id 69c9916d77a892eebbcce452 from source: openlibrary_api
2026-03-29 22:54:05,287 - INFO - Inserted document with id 69c9916d77a892eebbcce453 from source: openlibrary_api
2026-03-29 22:54:05,288 - INFO - Inserted document with id 69c9916d77a892eebbcce454 from source: openlibrary_api
2026-03-29 22:54:05,289 - INFO - Inserted document with id 69c9916d77a892eebbcce455 from source: openlibrary_api
2026-03-29 22:54:05,289 - INFO - Inserted document with id 69c9916d77a892eebbcce456 from source: openlibrary_api
2026-03-29 22:54:05,290 - INFO - Inserted document with id 69c9916d77a892eebbcce457 from source: openlibrary_api
2026-03-29 22:54:05,290 - INFO - Inserted document with id 69c9916d77a892eebbcce458 from source: openlibrary_api
2026-03-29 22:54:05,291 - INFO - Inserted document with id 69c9916d77a892eebbcce459 from source: openlibrary_api
2026-03-29 22:54:05,291 - INFO - Inserted document with id 69c9916d77a892eebbcce45a from source: openlibrary_api
2026-03-29 22:54:05,292 - INFO - Inserted document with id 69c9916d77a892eebbcce45b from source: openlibrary_api
2026-03-29 22:54:05,293 - INFO - Inserted document with id 69c9916d77a892eebbcce45c from source: openlibrary_api
2026-03-29 22:54:05,293 - INFO - Inserted document with id 69c9916d77a892eebbcce45d from source: openlibrary_api
2026-03-29 22:54:05,294 - INFO - Inserted document with id 69c9916d77a892eebbcce45e from source: openlibrary_api
2026-03-29 22:54:05,294 - INFO - Inserted document with id 69c9916d77a892eebbcce45f from source: openlibrary_api
2026-03-29 22:54:05,295 - INFO - Inserted document with id 69c9916d77a892eebbcce460 from source: openlibrary_api
2026-03-29 22:54:05,296 - INFO - Inserted document with id 69c9916d77a892eebbcce461 from source: openlibrary_api
2026-03-29 22:54:05,296 - INFO - Inserted document with id 69c9916d77a892eebbcce462 from source: openlibrary_api
2026-03-29 22:54:05,297 - INFO - Inserted document with id 69c9916d77a892eebbcce463 from source: openlibrary_api
2026-03-29 22:54:05,297 - INFO - Inserted document with id 69c9916d77a892eebbcce464 from source: openlibrary_api
2026-03-29 22:54:05,297 - INFO - Inserted document with id 69c9916d77a892eebbcce465 from source: openlibrary_api
2026-03-29 22:54:05,298 - INFO - Inserted document with id 69c9916d77a892eebbcce466 from source: openlibrary_api
2026-03-29 22:54:05,298 - INFO - Inserted document with id 69c9916d77a892eebbcce467 from source: openlibrary_api
2026-03-29 22:54:05,299 - INFO - Inserted document with id 69c9916d77a892eebbcce468 from source: openlibrary_api
2026-03-29 22:54:05,299 - INFO - Inserted document with id 69c9916d77a892eebbcce469 from source: openlibrary_api
2026-03-29 22:54:05,300 - INFO - Inserted document with id 69c9916d77a892eebbcce46a from source: openlibrary_api
2026-03-29 22:54:05,300 - INFO - Inserted document with id 69c9916d77a892eebbcce46b from source: openlibrary_api
2026-03-29 22:54:05,301 - INFO - Inserted document with id 69c9916d77a892eebbcce46c from source: openlibrary_api
2026-03-29 22:54:05,302 - INFO - Inserted document with id 69c9916d77a892eebbcce46d from source: openlibrary_api
2026-03-29 22:54:05,302 - INFO - Inserted document with id 69c9916d77a892eebbcce46e from source: openlibrary_api
2026-03-29 22:54:05,303 - INFO - Inserted document with id 69c9916d77a892eebbcce46f from source: openlibrary_api
2026-03-29 22:54:05,303 - INFO - Inserted document with id 69c9916d77a892eebbcce470 from source: openlibrary_api
2026-03-29 22:54:05,303 - INFO - Inserted document with id 69c9916d77a892eebbcce471 from source: openlibrary_api
2026-03-29 22:54:05,304 - INFO - Inserted document with id 69c9916d77a892eebbcce472 from source: openlibrary_api
2026-03-29 22:54:05,304 - INFO - Inserted document with id 69c9916d77a892eebbcce473 from source: openlibrary_api
2026-03-29 22:54:05,305 - INFO - Inserted document with id 69c9916d77a892eebbcce474 from source: openlibrary_api
2026-03-29 22:54:05,305 - INFO - Inserted document with id 69c9916d77a892eebbcce475 from source: openlibrary_api
2026-03-29 22:54:05,306 - INFO - Inserted document with id 69c9916d77a892eebbcce476 from source: openlibrary_api
2026-03-29 22:54:05,306 - INFO - Inserted document with id 69c9916d77a892eebbcce477 from source: openlibrary_api
2026-03-29 22:54:05,307 - INFO - Inserted document with id 69c9916d77a892eebbcce478 from source: openlibrary_api
2026-03-29 22:54:05,307 - INFO - Inserted document with id 69c9916d77a892eebbcce479 from source: openlibrary_api
2026-03-29 22:54:05,308 - INFO - Inserted document with id 69c9916d77a892eebbcce47a from source: openlibrary_api
2026-03-29 22:54:05,308 - INFO - Inserted document with id 69c9916d77a892eebbcce47b from source: openlibrary_api
2026-03-29 22:54:05,309 - INFO - Inserted document with id 69c9916d77a892eebbcce47c from source: openlibrary_api
2026-03-29 22:54:05,309 - INFO - Inserted document with id 69c9916d77a892eebbcce47d from source: openlibrary_api
2026-03-29 22:54:05,310 - INFO - Inserted document with id 69c9916d77a892eebbcce47e from source: openlibrary_api
2026-03-29 22:54:05,310 - INFO - Inserted document with id 69c9916d77a892eebbcce47f from source: openlibrary_api
2026-03-29 22:54:05,310 - INFO - Inserted document with id 69c9916d77a892eebbcce480 from source: openlibrary_api
2026-03-29 22:54:05,311 - INFO - Inserted document with id 69c9916d77a892eebbcce481 from source: openlibrary_api
2026-03-29 22:54:05,311 - INFO - Inserted document with id 69c9916d77a892eebbcce482 from source: openlibrary_api
2026-03-29 22:54:05,312 - INFO - Inserted document with id 69c9916d77a892eebbcce483 from source: openlibrary_api
2026-03-29 22:54:05,312 - INFO - Inserted document with id 69c9916d77a892eebbcce484 from source: openlibrary_api
2026-03-29 22:54:05,313 - INFO - Inserted document with id 69c9916d77a892eebbcce485 from source: openlibrary_api
2026-03-29 22:54:05,313 - INFO - Inserted document with id 69c9916d77a892eebbcce486 from source: openlibrary_api
2026-03-29 22:54:05,314 - INFO - Inserted document with id 69c9916d77a892eebbcce487 from source: openlibrary_api
2026-03-29 22:54:05,314 - INFO - Inserted document with id 69c9916d77a892eebbcce488 from source: openlibrary_api
2026-03-29 22:54:05,315 - INFO - Inserted document with id 69c9916d77a892eebbcce489 from source: openlibrary_api
2026-03-29 22:54:05,315 - INFO - Inserted document with id 69c9916d77a892eebbcce48a from source: openlibrary_api
2026-03-29 22:54:05,316 - INFO - Inserted document with id 69c9916d77a892eebbcce48b from source: openlibrary_api
2026-03-29 22:54:05,317 - INFO - Inserted document with id 69c9916d77a892eebbcce48c from source: openlibrary_api
2026-03-29 22:54:05,317 - INFO - Inserted document with id 69c9916d77a892eebbcce48d from source: openlibrary_api
2026-03-29 22:54:05,318 - INFO - Inserted document with id 69c9916d77a892eebbcce48e from source: openlibrary_api
2026-03-29 22:54:05,318 - INFO - Inserted document with id 69c9916d77a892eebbcce48f from source: openlibrary_api
2026-03-29 22:54:05,319 - INFO - Inserted document with id 69c9916d77a892eebbcce490 from source: openlibrary_api
2026-03-29 22:54:05,319 - INFO - Inserted document with id 69c9916d77a892eebbcce491 from source: openlibrary_api
2026-03-29 22:54:05,319 - INFO - Inserted document with id 69c9916d77a892eebbcce492 from source: openlibrary_api
2026-03-29 22:54:05,320 - INFO - Inserted document with id 69c9916d77a892eebbcce493 from source: openlibrary_api
2026-03-29 22:54:05,320 - INFO - Inserted document with id 69c9916d77a892eebbcce494 from source: openlibrary_api
2026-03-29 22:54:05,320 - INFO - Inserted document with id 69c9916d77a892eebbcce495 from source: openlibrary_api
2026-03-29 22:54:05,321 - INFO - Inserted document with id 69c9916d77a892eebbcce496 from source: openlibrary_api
2026-03-29 22:54:05,321 - INFO - Inserted document with id 69c9916d77a892eebbcce497 from source: openlibrary_api
2026-03-29 22:54:05,322 - INFO - Inserted document with id 69c9916d77a892eebbcce498 from source: openlibrary_api
2026-03-29 22:54:05,322 - INFO - Inserted document with id 69c9916d77a892eebbcce499 from source: openlibrary_api
2026-03-29 22:54:05,322 - INFO - Inserted document with id 69c9916d77a892eebbcce49a from source: openlibrary_api
2026-03-29 22:54:05,323 - INFO - Inserted document with id 69c9916d77a892eebbcce49b from source: openlibrary_api
2026-03-29 22:54:05,323 - INFO - Inserted document with id 69c9916d77a892eebbcce49c from source: openlibrary_api
2026-03-29 22:54:05,323 - INFO - Inserted document with id 69c9916d77a892eebbcce49d from source: openlibrary_api
2026-03-29 22:54:05,324 - INFO - Inserted document with id 69c9916d77a892eebbcce49e from source: openlibrary_api
2026-03-29 22:54:05,324 - INFO - Inserted document with id 69c9916d77a892eebbcce49f from source: openlibrary_api
2026-03-29 22:54:05,324 - INFO - Inserted document with id 69c9916d77a892eebbcce4a0 from source: openlibrary_api
2026-03-29 22:54:05,325 - INFO - Inserted document with id 69c9916d77a892eebbcce4a1 from source: openlibrary_api
2026-03-29 22:54:05,325 - INFO - Inserted document with id 69c9916d77a892eebbcce4a2 from source: openlibrary_api
2026-03-29 22:54:05,325 - INFO - Inserted document with id 69c9916d77a892eebbcce4a3 from source: openlibrary_api
2026-03-29 22:54:05,326 - INFO - Inserted document with id 69c9916d77a892eebbcce4a4 from source: openlibrary_api
2026-03-29 22:54:05,326 - INFO - Inserted document with id 69c9916d77a892eebbcce4a5 from source: openlibrary_api
2026-03-29 22:54:05,327 - INFO - Inserted document with id 69c9916d77a892eebbcce4a6 from source: openlibrary_api
2026-03-29 22:54:05,327 - INFO - Inserted document with id 69c9916d77a892eebbcce4a7 from source: openlibrary_api
2026-03-29 22:54:05,327 - INFO - Inserted document with id 69c9916d77a892eebbcce4a8 from source: openlibrary_api
2026-03-29 22:54:05,328 - INFO - Inserted document with id 69c9916d77a892eebbcce4a9 from source: openlibrary_api
2026-03-29 22:54:05,328 - INFO - Inserted document with id 69c9916d77a892eebbcce4aa from source: openlibrary_api
2026-03-29 22:54:05,328 - INFO - Inserted document with id 69c9916d77a892eebbcce4ab from source: openlibrary_api
2026-03-29 22:54:05,329 - INFO - Inserted document with id 69c9916d77a892eebbcce4ac from source: openlibrary_api
2026-03-29 22:54:05,329 - INFO - Inserted document with id 69c9916d77a892eebbcce4ad from source: openlibrary_api
2026-03-29 22:54:05,329 - INFO - Inserted document with id 69c9916d77a892eebbcce4ae from source: openlibrary_api
2026-03-29 22:54:05,330 - INFO - Inserted document with id 69c9916d77a892eebbcce4af from source: openlibrary_api
2026-03-29 22:54:05,330 - INFO - Inserted document with id 69c9916d77a892eebbcce4b0 from source: openlibrary_api
2026-03-29 22:54:05,331 - INFO - Inserted document with id 69c9916d77a892eebbcce4b1 from source: openlibrary_api
2026-03-29 22:54:05,331 - INFO - Inserted document with id 69c9916d77a892eebbcce4b2 from source: openlibrary_api
2026-03-29 22:54:05,332 - INFO - Inserted document with id 69c9916d77a892eebbcce4b3 from source: openlibrary_api
2026-03-29 22:54:05,332 - INFO - Inserted document with id 69c9916d77a892eebbcce4b4 from source: openlibrary_api
2026-03-29 22:54:05,333 - INFO - Inserted document with id 69c9916d77a892eebbcce4b5 from source: openlibrary_api
2026-03-29 22:54:05,334 - INFO - Inserted document with id 69c9916d77a892eebbcce4b6 from source: openlibrary_api
2026-03-29 22:54:05,334 - INFO - Inserted document with id 69c9916d77a892eebbcce4b7 from source: openlibrary_api
2026-03-29 22:54:05,335 - INFO - Inserted document with id 69c9916d77a892eebbcce4b8 from source: openlibrary_api
2026-03-29 22:54:05,335 - INFO - Inserted document with id 69c9916d77a892eebbcce4b9 from source: openlibrary_api
2026-03-29 22:54:05,336 - INFO - Inserted document with id 69c9916d77a892eebbcce4ba from source: openlibrary_api
2026-03-29 22:54:05,336 - INFO - Inserted document with id 69c9916d77a892eebbcce4bb from source: openlibrary_api
2026-03-29 22:54:05,337 - INFO - Inserted document with id 69c9916d77a892eebbcce4bc from source: openlibrary_api
2026-03-29 22:54:05,338 - INFO - Inserted document with id 69c9916d77a892eebbcce4bd from source: openlibrary_api
2026-03-29 22:54:05,338 - INFO - Inserted document with id 69c9916d77a892eebbcce4be from source: openlibrary_api
2026-03-29 22:54:05,339 - INFO - Inserted document with id 69c9916d77a892eebbcce4bf from source: openlibrary_api
2026-03-29 22:54:05,339 - INFO - Inserted document with id 69c9916d77a892eebbcce4c0 from source: openlibrary_api
2026-03-29 22:54:05,340 - INFO - Inserted document with id 69c9916d77a892eebbcce4c1 from source: openlibrary_api
2026-03-29 22:54:05,341 - INFO - Inserted document with id 69c9916d77a892eebbcce4c2 from source: openlibrary_api
2026-03-29 22:54:05,341 - INFO - Inserted document with id 69c9916d77a892eebbcce4c3 from source: openlibrary_api
2026-03-29 22:54:05,342 - INFO - Inserted document with id 69c9916d77a892eebbcce4c4 from source: openlibrary_api
2026-03-29 22:54:05,342 - INFO - Inserted document with id 69c9916d77a892eebbcce4c5 from source: openlibrary_api
2026-03-29 22:54:05,343 - INFO - Inserted document with id 69c9916d77a892eebbcce4c6 from source: openlibrary_api
2026-03-29 22:54:05,344 - INFO - Inserted document with id 69c9916d77a892eebbcce4c7 from source: openlibrary_api
2026-03-29 22:54:05,344 - INFO - Inserted document with id 69c9916d77a892eebbcce4c8 from source: openlibrary_api
2026-03-29 22:54:05,345 - INFO - Inserted document with id 69c9916d77a892eebbcce4c9 from source: openlibrary_api
2026-03-29 22:54:05,345 - INFO - Inserted document with id 69c9916d77a892eebbcce4ca from source: openlibrary_api
2026-03-29 22:54:05,346 - INFO - Inserted document with id 69c9916d77a892eebbcce4cb from source: openlibrary_api
2026-03-29 22:54:05,347 - INFO - Inserted document with id 69c9916d77a892eebbcce4cc from source: openlibrary_api
2026-03-29 22:54:05,347 - INFO - Inserted document with id 69c9916d77a892eebbcce4cd from source: openlibrary_api
2026-03-29 22:54:05,348 - INFO - Inserted document with id 69c9916d77a892eebbcce4ce from source: openlibrary_api
2026-03-29 22:54:05,348 - INFO - Inserted document with id 69c9916d77a892eebbcce4cf from source: openlibrary_api
2026-03-29 22:54:05,349 - INFO - Inserted document with id 69c9916d77a892eebbcce4d0 from source: openlibrary_api
2026-03-29 22:54:05,349 - INFO - Inserted document with id 69c9916d77a892eebbcce4d1 from source: openlibrary_api
2026-03-29 22:54:05,350 - INFO - Inserted document with id 69c9916d77a892eebbcce4d2 from source: openlibrary_api
2026-03-29 22:54:05,351 - INFO - Inserted document with id 69c9916d77a892eebbcce4d3 from source: openlibrary_api
2026-03-29 22:54:05,351 - INFO - Inserted document with id 69c9916d77a892eebbcce4d4 from source: openlibrary_api
2026-03-29 22:54:05,352 - INFO - Inserted document with id 69c9916d77a892eebbcce4d5 from source: openlibrary_api
2026-03-29 22:54:05,352 - INFO - Inserted document with id 69c9916d77a892eebbcce4d6 from source: openlibrary_api
2026-03-29 22:54:05,353 - INFO - Inserted document with id 69c9916d77a892eebbcce4d7 from source: openlibrary_api
2026-03-29 22:54:05,354 - INFO - Inserted document with id 69c9916d77a892eebbcce4d8 from source: openlibrary_api
2026-03-29 22:54:05,354 - INFO - Inserted document with id 69c9916d77a892eebbcce4d9 from source: openlibrary_api
2026-03-29 22:54:05,355 - INFO - Inserted document with id 69c9916d77a892eebbcce4da from source: openlibrary_api
2026-03-29 22:54:05,355 - INFO - Inserted document with id 69c9916d77a892eebbcce4db from source: openlibrary_api
2026-03-29 22:54:05,356 - INFO - Inserted document with id 69c9916d77a892eebbcce4dc from source: openlibrary_api
2026-03-29 22:54:05,356 - INFO - Inserted document with id 69c9916d77a892eebbcce4dd from source: openlibrary_api
2026-03-29 22:54:05,357 - INFO - Inserted document with id 69c9916d77a892eebbcce4de from source: openlibrary_api
2026-03-29 22:54:05,357 - INFO - Inserted document with id 69c9916d77a892eebbcce4df from source: openlibrary_api
2026-03-29 22:54:05,358 - INFO - Inserted document with id 69c9916d77a892eebbcce4e0 from source: openlibrary_api
2026-03-29 22:54:05,359 - INFO - Inserted document with id 69c9916d77a892eebbcce4e1 from source: openlibrary_api
2026-03-29 22:54:05,359 - INFO - Inserted document with id 69c9916d77a892eebbcce4e2 from source: openlibrary_api
2026-03-29 22:54:05,360 - INFO - Inserted document with id 69c9916d77a892eebbcce4e3 from source: openlibrary_api
2026-03-29 22:54:05,360 - INFO - Inserted document with id 69c9916d77a892eebbcce4e4 from source: openlibrary_api
2026-03-29 22:54:05,361 - INFO - Inserted document with id 69c9916d77a892eebbcce4e5 from source: openlibrary_api
2026-03-29 22:54:05,361 - INFO - Inserted document with id 69c9916d77a892eebbcce4e6 from source: openlibrary_api
2026-03-29 22:54:05,362 - INFO - Inserted document with id 69c9916d77a892eebbcce4e7 from source: openlibrary_api
2026-03-29 22:54:05,362 - INFO - Inserted document with id 69c9916d77a892eebbcce4e8 from source: openlibrary_api
2026-03-29 22:54:05,362 - INFO - Inserted document with id 69c9916d77a892eebbcce4e9 from source: openlibrary_api
2026-03-29 22:54:05,363 - INFO - Inserted document with id 69c9916d77a892eebbcce4ea from source: openlibrary_api
2026-03-29 22:54:05,363 - INFO - Inserted document with id 69c9916d77a892eebbcce4eb from source: openlibrary_api
2026-03-29 22:54:05,364 - INFO - Inserted document with id 69c9916d77a892eebbcce4ec from source: openlibrary_api
2026-03-29 22:54:05,364 - INFO - Inserted document with id 69c9916d77a892eebbcce4ed from source: openlibrary_api
2026-03-29 22:54:05,364 - INFO - Inserted document with id 69c9916d77a892eebbcce4ee from source: openlibrary_api
2026-03-29 22:54:05,365 - INFO - Inserted document with id 69c9916d77a892eebbcce4ef from source: openlibrary_api
2026-03-29 22:54:05,365 - INFO - Inserted document with id 69c9916d77a892eebbcce4f0 from source: openlibrary_api
2026-03-29 22:54:05,366 - INFO - Inserted document with id 69c9916d77a892eebbcce4f1 from source: openlibrary_api
2026-03-29 22:54:05,366 - INFO - Inserted document with id 69c9916d77a892eebbcce4f2 from source: openlibrary_api
2026-03-29 22:54:05,366 - INFO - Inserted document with id 69c9916d77a892eebbcce4f3 from source: openlibrary_api
2026-03-29 22:54:05,367 - INFO - Inserted document with id 69c9916d77a892eebbcce4f4 from source: openlibrary_api
2026-03-29 22:54:05,367 - INFO - Inserted document with id 69c9916d77a892eebbcce4f5 from source: openlibrary_api
2026-03-29 22:54:05,368 - INFO - Inserted document with id 69c9916d77a892eebbcce4f6 from source: openlibrary_api
2026-03-29 22:54:05,368 - INFO - Inserted document with id 69c9916d77a892eebbcce4f7 from source: openlibrary_api
2026-03-29 22:54:05,369 - INFO - Inserted document with id 69c9916d77a892eebbcce4f8 from source: openlibrary_api
2026-03-29 22:54:05,369 - INFO - Inserted document with id 69c9916d77a892eebbcce4f9 from source: openlibrary_api
2026-03-29 22:54:05,369 - INFO - Inserted document with id 69c9916d77a892eebbcce4fa from source: openlibrary_api
2026-03-29 22:54:05,370 - INFO - Inserted document with id 69c9916d77a892eebbcce4fb from source: openlibrary_api
2026-03-29 22:54:05,370 - INFO - Inserted document with id 69c9916d77a892eebbcce4fc from source: openlibrary_api
2026-03-29 22:54:05,371 - INFO - Inserted document with id 69c9916d77a892eebbcce4fd from source: openlibrary_api
2026-03-29 22:54:05,371 - INFO - Inserted document with id 69c9916d77a892eebbcce4fe from source: openlibrary_api
2026-03-29 22:54:05,371 - INFO - Inserted document with id 69c9916d77a892eebbcce4ff from source: openlibrary_api
2026-03-29 22:54:05,372 - INFO - Inserted document with id 69c9916d77a892eebbcce500 from source: openlibrary_api
2026-03-29 22:54:05,372 - INFO - Inserted document with id 69c9916d77a892eebbcce501 from source: openlibrary_api
2026-03-29 22:54:05,373 - INFO - Inserted document with id 69c9916d77a892eebbcce502 from source: openlibrary_api
2026-03-29 22:54:05,373 - INFO - API pipeline completed successfully
2026-03-29 22:54:05,373 - INFO - === Starting Document Extraction Pipeline ===
2026-03-29 22:54:05,373 - INFO - Processing PDF files...
2026-03-29 22:54:05,373 - INFO - Processing PDF: sample.pdf
2026-03-29 22:54:05,390 - INFO - Successfully extracted 1 pages from PDF: C:\Users\Laptop\Desktop\Unstructured Data Project\Unstructured-Data-Project\data\raw\pdf\sample.pdf
2026-03-29 22:54:05,391 - INFO - Inserted document with id 69c9916d77a892eebbcce503 from source: C:\Users\Laptop\Desktop\Unstructured Data Project\Unstructured-Data-Project\data\raw\pdf\sample.pdf
2026-03-29 22:54:05,391 - INFO - Stored page 1 of sample.pdf in MongoDB
2026-03-29 22:54:05,391 - INFO - Processing Word documents...
2026-03-29 22:54:05,392 - INFO - Processing Word document: sample.docx
2026-03-29 22:54:05,404 - INFO - Extracted 5 paragraphs and 1 tables from: C:\Users\Laptop\Desktop\Unstructured Data Project\Unstructured-Data-Project\data\raw\word\sample.docx
2026-03-29 22:54:05,405 - INFO - Inserted document with id 69c9916d77a892eebbcce504 from source: C:\Users\Laptop\Desktop\Unstructured Data Project\Unstructured-Data-Project\data\raw\word\sample.docx
2026-03-29 22:54:05,405 - INFO - Stored Word document sample.docx in MongoDB
2026-03-29 22:54:05,406 - INFO - Processing Excel files...
2026-03-29 22:54:05,406 - INFO - Processing Excel file: sample.xlsx
2026-03-29 22:54:05,413 - INFO - Extracted 2 sheet(s) from Excel: C:\Users\Laptop\Desktop\Unstructured Data Project\Unstructured-Data-Project\data\raw\excel\sample.xlsx
2026-03-29 22:54:05,413 - INFO - Inserted document with id 69c9916d77a892eebbcce505 from source: C:\Users\Laptop\Desktop\Unstructured Data Project\Unstructured-Data-Project\data\raw\excel\sample.xlsx
2026-03-29 22:54:05,414 - INFO - Stored sheet 'Books' from sample.xlsx in MongoDB
2026-03-29 22:54:05,414 - INFO - Inserted document with id 69c9916d77a892eebbcce506 from source: C:\Users\Laptop\Desktop\Unstructured Data Project\Unstructured-Data-Project\data\raw\excel\sample.xlsx
2026-03-29 22:54:05,414 - INFO - Stored sheet 'Summary' from sample.xlsx in MongoDB
2026-03-29 22:54:05,414 - INFO - Document extraction pipeline completed successfully
2026-03-29 22:54:05,414 - INFO - ========== Pipeline Finished ==========
2026-04-10 11:00:58,961 - ERROR - Error fetching books from Open Library: HTTPSConnectionPool(host='openlibrary.org', port=443): Read timed out. (read timeout=10)
2026-04-10 11:01:09,631 - ERROR - Error fetching books from Open Library: HTTPSConnectionPool(host='openlibrary.org', port=443): Read timed out. (read timeout=10)
2026-04-10 11:01:20,263 - ERROR - Error fetching books from Open Library: HTTPSConnectionPool(host='openlibrary.org', port=443): Read timed out. (read timeout=10)
2026-04-10 11:02:18,013 - INFO - Found 10 books for query: classic literature
2026-04-10 11:02:21,442 - INFO - Downloaded cover: OL2775807W_Pollyanna.jpg
2026-04-10 11:02:25,126 - INFO - Downloaded cover: OL39360W_Orlando.jpg
2026-04-10 11:02:28,630 - INFO - Downloaded cover: OL1455042W_Heidi.jpg
2026-04-10 11:02:32,148 - INFO - Downloaded cover: OL99541W_The Enchanted Castle.jpg
2026-04-10 11:02:35,551 - INFO - Downloaded cover: OL51148W_Babbitt.jpg
2026-04-10 11:02:36,051 - INFO - Successfully downloaded 5 book covers
2026-04-10 11:02:38,974 - INFO - Found 6 books for query: science fiction
2026-04-10 11:02:41,991 - INFO - Downloaded cover: OL1960472W_The Science Fiction Hall of Fa.jpg
2026-04-10 11:02:46,002 - INFO - Downloaded cover: OL46125W_Foundation.jpg
2026-04-10 11:02:49,629 - INFO - Downloaded cover: OL59688W_Stranger in a Strange Land.jpg
2026-04-10 11:02:50,130 - INFO - Successfully downloaded 3 book covers
2026-04-10 11:02:51,206 - INFO - Found 4 books for query: python programming
2026-04-10 11:02:54,101 - INFO - Downloaded cover: OL30906747W_Core Python Programming.jpg
2026-04-10 11:02:55,656 - INFO - Downloaded cover: OL12409294W_Core Python programming.jpg
2026-04-10 11:02:56,157 - INFO - Successfully downloaded 2 book covers
2026-04-10 11:11:02,378 - INFO - Inspected image: OL12409294W_Core Python programming.jpg
2026-04-10 11:11:02,393 - INFO - Proportionally resized data/raw/images\OL12409294W_Core Python programming.jpg to 400x564
2026-04-10 11:11:02,399 - INFO - Resized data/raw/images\OL12409294W_Core Python programming.jpg to 300x400 -> data/processed/resized\OL12409294W_Core Python programming_resized.jpg
2026-04-10 11:11:02,404 - INFO - Generated thumbnail for data/raw/images\OL12409294W_Core Python programming.jpg -> data/processed/thumbnails\OL12409294W_Core Python programming_thumb.jpg
2026-04-10 11:11:02,412 - INFO - Generated cover thumbnail for data/raw/images\OL12409294W_Core Python programming.jpg
2026-04-10 11:11:02,415 - INFO - Cropped data/raw/images\OL12409294W_Core Python programming.jpg to box (0, 0, 354, 250)
2026-04-10 11:11:02,419 - INFO - Cropped data/raw/images\OL12409294W_Core Python programming.jpg to box (0, 73, 354, 427)
2026-04-10 11:11:02,525 - INFO - Converted data/raw/images\OL12409294W_Core Python programming.jpg to WEBP -> data/processed/webp\OL12409294W_Core Python programming.webp
2026-04-10 11:11:02,602 - INFO - Converted data/raw/images\OL12409294W_Core Python programming.jpg to PNG -> data/processed/webp\OL12409294W_Core Python programming.png
2026-04-10 11:11:02,611 - INFO - Applied blur filter to data/raw/images\OL12409294W_Core Python programming.jpg
2026-04-10 11:11:02,618 - INFO - Applied sharpen filter to data/raw/images\OL12409294W_Core Python programming.jpg
2026-04-10 11:11:02,624 - INFO - Adjusted brightness of data/raw/images\OL12409294W_Core Python programming.jpg by factor 1.3
2026-04-10 11:11:02,629 - INFO - Adjusted contrast of data/raw/images\OL12409294W_Core Python programming.jpg by factor 1.4
2026-04-10 11:14:37,505 - INFO - Inspected image: OL1455042W_Heidi.jpg
2026-04-10 11:14:37,525 - INFO - Proportionally resized data/raw/images\OL1455042W_Heidi.jpg to 400x593
2026-04-10 11:14:37,532 - INFO - Resized data/raw/images\OL1455042W_Heidi.jpg to 300x400 -> data/processed/resized\OL1455042W_Heidi_resized.jpg
2026-04-10 11:14:37,536 - INFO - Generated thumbnail for data/raw/images\OL1455042W_Heidi.jpg -> data/processed/thumbnails\OL1455042W_Heidi_thumb.jpg
2026-04-10 11:14:37,541 - INFO - Generated cover thumbnail for data/raw/images\OL1455042W_Heidi.jpg
2026-04-10 11:14:37,545 - INFO - Cropped data/raw/images\OL1455042W_Heidi.jpg to box (0, 0, 320, 237)
2026-04-10 11:14:37,548 - INFO - Cropped data/raw/images\OL1455042W_Heidi.jpg to box (0, 77, 320, 397)
2026-04-10 11:14:37,618 - INFO - Converted data/raw/images\OL1455042W_Heidi.jpg to WEBP -> data/processed/webp\OL1455042W_Heidi.webp
2026-04-10 11:14:37,682 - INFO - Converted data/raw/images\OL1455042W_Heidi.jpg to PNG -> data/processed/webp\OL1455042W_Heidi.png
2026-04-10 11:14:37,689 - INFO - Applied blur filter to data/raw/images\OL1455042W_Heidi.jpg
2026-04-10 11:14:37,694 - INFO - Applied sharpen filter to data/raw/images\OL1455042W_Heidi.jpg
2026-04-10 11:14:37,699 - INFO - Adjusted brightness of data/raw/images\OL1455042W_Heidi.jpg by factor 1.3
2026-04-10 11:14:37,704 - INFO - Adjusted contrast of data/raw/images\OL1455042W_Heidi.jpg by factor 1.4
2026-04-12 17:59:11,155 - INFO - Extracted EXIF data from data/raw/exif_samples\WIN_20260412_17_43_14_Pro.jpg
2026-04-12 17:59:11,156 - INFO - Extracted GPS data from data/raw/exif_samples\WIN_20260412_17_43_14_Pro.jpg: {'latitude': 43.8161925, 'longitude': 18.313412500000002}
2026-04-12 17:59:11,157 - INFO - Generated EXIF summary for data/raw/exif_samples\WIN_20260412_17_43_14_Pro.jpg
2026-04-12 17:59:11,158 - INFO - Extracted EXIF data from data/raw/exif_samples\WIN_20260412_17_43_14_Pro.jpg
2026-04-12 17:59:11,159 - INFO - Extracted GPS data from data/raw/exif_samples\WIN_20260412_17_43_14_Pro.jpg: {'latitude': 43.8161925, 'longitude': 18.313412500000002}
2026-04-12 17:59:11,283 - INFO - Saved clean image without EXIF: data/raw/exif_samples\WIN_20260412_17_43_14_Pro_no_exif.jpg
2026-04-12 17:59:11,304 - INFO - Extracted EXIF data from data/raw/exif_samples\WIN_20260412_17_43_22_Pro.jpg
2026-04-12 17:59:11,304 - INFO - Extracted GPS data from data/raw/exif_samples\WIN_20260412_17_43_22_Pro.jpg: {'latitude': 43.8161925, 'longitude': 18.313412500000002}
2026-04-12 17:59:11,305 - INFO - Generated EXIF summary for data/raw/exif_samples\WIN_20260412_17_43_22_Pro.jpg
2026-04-12 17:59:11,307 - INFO - Extracted EXIF data from data/raw/exif_samples\WIN_20260412_17_43_22_Pro.jpg
2026-04-12 17:59:11,308 - INFO - Extracted GPS data from data/raw/exif_samples\WIN_20260412_17_43_22_Pro.jpg: {'latitude': 43.8161925, 'longitude': 18.313412500000002}
2026-04-12 17:59:11,426 - INFO - Saved clean image without EXIF: data/raw/exif_samples\WIN_20260412_17_43_22_Pro_no_exif.jpg
2026-04-12 18:07:24,978 - INFO - No EXIF data found in data/raw/exif_samples\WhatsApp Image 2026-04-12 at 6.04.33 PM.jpeg
2026-04-12 18:07:24,979 - INFO - Generated EXIF summary for data/raw/exif_samples\WhatsApp Image 2026-04-12 at 6.04.33 PM.jpeg
2026-04-12 18:07:24,981 - INFO - No EXIF data found in data/raw/exif_samples\WhatsApp Image 2026-04-12 at 6.04.33 PM.jpeg
2026-04-12 18:07:25,220 - INFO - Saved clean image without EXIF: data/raw/exif_samples\WhatsApp Image 2026-04-12 at 6.04.33 PM_no_exif.jpg
2026-04-12 18:07:25,248 - INFO - No EXIF data found in data/raw/exif_samples\WhatsApp Image 2026-04-12 at 6.05.58 PM.jpeg
2026-04-12 18:07:25,249 - INFO - Generated EXIF summary for data/raw/exif_samples\WhatsApp Image 2026-04-12 at 6.05.58 PM.jpeg
2026-04-12 18:07:25,251 - INFO - No EXIF data found in data/raw/exif_samples\WhatsApp Image 2026-04-12 at 6.05.58 PM.jpeg
2026-04-12 18:07:25,503 - INFO - Saved clean image without EXIF: data/raw/exif_samples\WhatsApp Image 2026-04-12 at 6.05.58 PM_no_exif.jpg
2026-04-12 18:12:34,449 - INFO - Extracted EXIF data from data/raw/exif_samples\IMG_20250929_124453.jpg.jpeg
2026-04-12 18:12:34,450 - ERROR - Error extracting GPS from data/raw/exif_samples\IMG_20250929_124453.jpg.jpeg: division by zero
2026-04-12 18:12:34,450 - INFO - Generated EXIF summary for data/raw/exif_samples\IMG_20250929_124453.jpg.jpeg
2026-04-12 18:12:34,452 - INFO - Extracted EXIF data from data/raw/exif_samples\IMG_20250929_124453.jpg.jpeg
2026-04-12 18:12:34,453 - ERROR - Error extracting GPS from data/raw/exif_samples\IMG_20250929_124453.jpg.jpeg: division by zero
2026-04-12 18:12:36,166 - INFO - Saved clean image without EXIF: data/raw/exif_samples\IMG_20250929_124453.jpg_no_exif.jpg
2026-04-12 18:12:36,454 - INFO - Extracted EXIF data from data/raw/exif_samples\IMG_20260401_025551.jpg.jpeg
2026-04-12 18:12:36,454 - INFO - Extracted GPS data from data/raw/exif_samples\IMG_20260401_025551.jpg.jpeg: {'latitude': nan, 'longitude': nan}
2026-04-12 18:12:36,454 - INFO - Generated EXIF summary for data/raw/exif_samples\IMG_20260401_025551.jpg.jpeg
2026-04-12 18:12:36,456 - INFO - Extracted EXIF data from data/raw/exif_samples\IMG_20260401_025551.jpg.jpeg
2026-04-12 18:12:36,456 - INFO - Extracted GPS data from data/raw/exif_samples\IMG_20260401_025551.jpg.jpeg: {'latitude': nan, 'longitude': nan}
2026-04-12 18:12:36,657 - INFO - Saved clean image without EXIF: data/raw/exif_samples\IMG_20260401_025551.jpg_no_exif.jpg
2026-04-12 18:43:58,416 - INFO - Batch processing 10 images from data\raw\images
2026-04-12 18:43:58,469 - INFO - Inspected image: OL12409294W_Core Python programming.jpg
2026-04-12 18:43:58,470 - ERROR - Failed: OL12409294W_Core Python programming.jpg - resize_proportional() got an unexpected keyword argument 'max_width'
2026-04-12 18:43:58,472 - INFO - Inspected image: OL1455042W_Heidi.jpg
2026-04-12 18:43:58,472 - ERROR - Failed: OL1455042W_Heidi.jpg - resize_proportional() got an unexpected keyword argument 'max_width'
2026-04-12 18:43:58,473 - INFO - Inspected image: OL1960472W_The Science Fiction Hall of Fa.jpg
2026-04-12 18:43:58,473 - ERROR - Failed: OL1960472W_The Science Fiction Hall of Fa.jpg - resize_proportional() got an unexpected keyword argument 'max_width'
2026-04-12 18:43:58,474 - INFO - Inspected image: OL2775807W_Pollyanna.jpg
2026-04-12 18:43:58,474 - ERROR - Failed: OL2775807W_Pollyanna.jpg - resize_proportional() got an unexpected keyword argument 'max_width'
2026-04-12 18:43:58,475 - INFO - Inspected image: OL30906747W_Core Python Programming.jpg
2026-04-12 18:43:58,475 - ERROR - Failed: OL30906747W_Core Python Programming.jpg - resize_proportional() got an unexpected keyword argument 'max_width'
2026-04-12 18:43:58,476 - INFO - Inspected image: OL39360W_Orlando.jpg
2026-04-12 18:43:58,476 - ERROR - Failed: OL39360W_Orlando.jpg - resize_proportional() got an unexpected keyword argument 'max_width'
2026-04-12 18:43:58,477 - INFO - Inspected image: OL46125W_Foundation.jpg
2026-04-12 18:43:58,477 - ERROR - Failed: OL46125W_Foundation.jpg - resize_proportional() got an unexpected keyword argument 'max_width'
2026-04-12 18:43:58,478 - INFO - Inspected image: OL51148W_Babbitt.jpg
2026-04-12 18:43:58,478 - ERROR - Failed: OL51148W_Babbitt.jpg - resize_proportional() got an unexpected keyword argument 'max_width'
2026-04-12 18:43:58,478 - INFO - Inspected image: OL59688W_Stranger in a Strange Land.jpg
2026-04-12 18:43:58,479 - ERROR - Failed: OL59688W_Stranger in a Strange Land.jpg - resize_proportional() got an unexpected keyword argument 'max_width'
2026-04-12 18:43:58,480 - INFO - Inspected image: OL99541W_The Enchanted Castle.jpg
2026-04-12 18:43:58,480 - ERROR - Failed: OL99541W_The Enchanted Castle.jpg - resize_proportional() got an unexpected keyword argument 'max_width'
2026-04-12 18:43:58,480 - INFO - Batch complete. Success: 0, Errors: 10
2026-04-12 18:44:59,456 - INFO - Batch processing 10 images from data\raw\images
2026-04-12 18:44:59,482 - INFO - Inspected image: OL12409294W_Core Python programming.jpg
2026-04-12 18:44:59,482 - ERROR - Failed: OL12409294W_Core Python programming.jpg - resize_proportional() got an unexpected keyword argument 'max_width'
2026-04-12 18:44:59,482 - INFO - Inspected image: OL1455042W_Heidi.jpg
2026-04-12 18:44:59,482 - ERROR - Failed: OL1455042W_Heidi.jpg - resize_proportional() got an unexpected keyword argument 'max_width'
2026-04-12 18:44:59,483 - INFO - Inspected image: OL1960472W_The Science Fiction Hall of Fa.jpg
2026-04-12 18:44:59,483 - ERROR - Failed: OL1960472W_The Science Fiction Hall of Fa.jpg - resize_proportional() got an unexpected keyword argument 'max_width'
2026-04-12 18:44:59,483 - INFO - Inspected image: OL2775807W_Pollyanna.jpg
2026-04-12 18:44:59,484 - ERROR - Failed: OL2775807W_Pollyanna.jpg - resize_proportional() got an unexpected keyword argument 'max_width'
2026-04-12 18:44:59,484 - INFO - Inspected image: OL30906747W_Core Python Programming.jpg
2026-04-12 18:44:59,484 - ERROR - Failed: OL30906747W_Core Python Programming.jpg - resize_proportional() got an unexpected keyword argument 'max_width'
2026-04-12 18:44:59,485 - INFO - Inspected image: OL39360W_Orlando.jpg
2026-04-12 18:44:59,485 - ERROR - Failed: OL39360W_Orlando.jpg - resize_proportional() got an unexpected keyword argument 'max_width'
2026-04-12 18:44:59,485 - INFO - Inspected image: OL46125W_Foundation.jpg
2026-04-12 18:44:59,485 - ERROR - Failed: OL46125W_Foundation.jpg - resize_proportional() got an unexpected keyword argument 'max_width'
2026-04-12 18:44:59,486 - INFO - Inspected image: OL51148W_Babbitt.jpg
2026-04-12 18:44:59,486 - ERROR - Failed: OL51148W_Babbitt.jpg - resize_proportional() got an unexpected keyword argument 'max_width'
2026-04-12 18:44:59,486 - INFO - Inspected image: OL59688W_Stranger in a Strange Land.jpg
2026-04-12 18:44:59,486 - ERROR - Failed: OL59688W_Stranger in a Strange Land.jpg - resize_proportional() got an unexpected keyword argument 'max_width'
2026-04-12 18:44:59,486 - INFO - Inspected image: OL99541W_The Enchanted Castle.jpg
2026-04-12 18:44:59,487 - ERROR - Failed: OL99541W_The Enchanted Castle.jpg - resize_proportional() got an unexpected keyword argument 'max_width'
2026-04-12 18:44:59,487 - INFO - Batch complete. Success: 0, Errors: 10
2026-04-12 18:47:00,884 - INFO - Batch processing 10 images from data\raw\images
2026-04-12 18:47:00,911 - INFO - Inspected image: OL12409294W_Core Python programming.jpg
2026-04-12 18:47:00,912 - ERROR - Failed: OL12409294W_Core Python programming.jpg - resize_proportional() got an unexpected keyword argument 'max_width'
2026-04-12 18:47:00,912 - INFO - Inspected image: OL1455042W_Heidi.jpg
2026-04-12 18:47:00,912 - ERROR - Failed: OL1455042W_Heidi.jpg - resize_proportional() got an unexpected keyword argument 'max_width'
2026-04-12 18:47:00,912 - INFO - Inspected image: OL1960472W_The Science Fiction Hall of Fa.jpg
2026-04-12 18:47:00,912 - ERROR - Failed: OL1960472W_The Science Fiction Hall of Fa.jpg - resize_proportional() got an unexpected keyword argument 'max_width'
2026-04-12 18:47:00,913 - INFO - Inspected image: OL2775807W_Pollyanna.jpg
2026-04-12 18:47:00,913 - ERROR - Failed: OL2775807W_Pollyanna.jpg - resize_proportional() got an unexpected keyword argument 'max_width'
2026-04-12 18:47:00,913 - INFO - Inspected image: OL30906747W_Core Python Programming.jpg
2026-04-12 18:47:00,913 - ERROR - Failed: OL30906747W_Core Python Programming.jpg - resize_proportional() got an unexpected keyword argument 'max_width'
2026-04-12 18:47:00,913 - INFO - Inspected image: OL39360W_Orlando.jpg
2026-04-12 18:47:00,913 - ERROR - Failed: OL39360W_Orlando.jpg - resize_proportional() got an unexpected keyword argument 'max_width'
2026-04-12 18:47:00,913 - INFO - Inspected image: OL46125W_Foundation.jpg
2026-04-12 18:47:00,914 - ERROR - Failed: OL46125W_Foundation.jpg - resize_proportional() got an unexpected keyword argument 'max_width'
2026-04-12 18:47:00,914 - INFO - Inspected image: OL51148W_Babbitt.jpg
2026-04-12 18:47:00,914 - ERROR - Failed: OL51148W_Babbitt.jpg - resize_proportional() got an unexpected keyword argument 'max_width'
2026-04-12 18:47:00,914 - INFO - Inspected image: OL59688W_Stranger in a Strange Land.jpg
2026-04-12 18:47:00,914 - ERROR - Failed: OL59688W_Stranger in a Strange Land.jpg - resize_proportional() got an unexpected keyword argument 'max_width'
2026-04-12 18:47:00,914 - INFO - Inspected image: OL99541W_The Enchanted Castle.jpg
2026-04-12 18:47:00,914 - ERROR - Failed: OL99541W_The Enchanted Castle.jpg - resize_proportional() got an unexpected keyword argument 'max_width'
2026-04-12 18:47:00,915 - INFO - Batch complete. Success: 0, Errors: 10
2026-04-12 18:48:48,121 - INFO - Batch processing 10 images from data\raw\images
2026-04-12 18:48:48,150 - INFO - Inspected image: OL12409294W_Core Python programming.jpg
2026-04-12 18:48:48,150 - ERROR - Failed: OL12409294W_Core Python programming.jpg - resize_proportional() got an unexpected keyword argument 'max_width'
2026-04-12 18:48:48,151 - INFO - Inspected image: OL1455042W_Heidi.jpg
2026-04-12 18:48:48,151 - ERROR - Failed: OL1455042W_Heidi.jpg - resize_proportional() got an unexpected keyword argument 'max_width'
2026-04-12 18:48:48,151 - INFO - Inspected image: OL1960472W_The Science Fiction Hall of Fa.jpg
2026-04-12 18:48:48,152 - ERROR - Failed: OL1960472W_The Science Fiction Hall of Fa.jpg - resize_proportional() got an unexpected keyword argument 'max_width'
2026-04-12 18:48:48,152 - INFO - Inspected image: OL2775807W_Pollyanna.jpg
2026-04-12 18:48:48,152 - ERROR - Failed: OL2775807W_Pollyanna.jpg - resize_proportional() got an unexpected keyword argument 'max_width'
2026-04-12 18:48:48,152 - INFO - Inspected image: OL30906747W_Core Python Programming.jpg
2026-04-12 18:48:48,153 - ERROR - Failed: OL30906747W_Core Python Programming.jpg - resize_proportional() got an unexpected keyword argument 'max_width'
2026-04-12 18:48:48,153 - INFO - Inspected image: OL39360W_Orlando.jpg
2026-04-12 18:48:48,153 - ERROR - Failed: OL39360W_Orlando.jpg - resize_proportional() got an unexpected keyword argument 'max_width'
2026-04-12 18:48:48,153 - INFO - Inspected image: OL46125W_Foundation.jpg
2026-04-12 18:48:48,153 - ERROR - Failed: OL46125W_Foundation.jpg - resize_proportional() got an unexpected keyword argument 'max_width'
2026-04-12 18:48:48,153 - INFO - Inspected image: OL51148W_Babbitt.jpg
2026-04-12 18:48:48,153 - ERROR - Failed: OL51148W_Babbitt.jpg - resize_proportional() got an unexpected keyword argument 'max_width'
2026-04-12 18:48:48,154 - INFO - Inspected image: OL59688W_Stranger in a Strange Land.jpg
2026-04-12 18:48:48,154 - ERROR - Failed: OL59688W_Stranger in a Strange Land.jpg - resize_proportional() got an unexpected keyword argument 'max_width'
2026-04-12 18:48:48,154 - INFO - Inspected image: OL99541W_The Enchanted Castle.jpg
2026-04-12 18:48:48,154 - ERROR - Failed: OL99541W_The Enchanted Castle.jpg - resize_proportional() got an unexpected keyword argument 'max_width'
2026-04-12 18:48:48,154 - INFO - Batch complete. Success: 0, Errors: 10
2026-04-12 18:50:10,539 - INFO - Batch processing 10 images from data\raw\images
2026-04-12 18:50:10,567 - INFO - Inspected image: OL12409294W_Core Python programming.jpg
2026-04-12 18:50:10,568 - ERROR - Error in proportional resize data\raw\images\OL12409294W_Core Python programming.jpg: [WinError 183] Cannot create a file when that file already exists: 'data\\processed\\resized\\OL12409294W_Core Python programming_resized.jpg'
2026-04-12 18:50:10,568 - ERROR - Failed: OL12409294W_Core Python programming.jpg - generate_thumbnail() got multiple values for argument 'max_size'
2026-04-12 18:50:10,568 - INFO - Inspected image: OL1455042W_Heidi.jpg
2026-04-12 18:50:10,568 - ERROR - Error in proportional resize data\raw\images\OL1455042W_Heidi.jpg: [WinError 183] Cannot create a file when that file already exists: 'data\\processed\\resized\\OL1455042W_Heidi_resized.jpg'
2026-04-12 18:50:10,568 - ERROR - Failed: OL1455042W_Heidi.jpg - generate_thumbnail() got multiple values for argument 'max_size'
2026-04-12 18:50:10,569 - INFO - Inspected image: OL1960472W_The Science Fiction Hall of Fa.jpg
2026-04-12 18:50:10,589 - INFO - Proportionally resized data\raw\images\OL1960472W_The Science Fiction Hall of Fa.jpg to 500x744
2026-04-12 18:50:10,590 - ERROR - Failed: OL1960472W_The Science Fiction Hall of Fa.jpg - generate_thumbnail() got multiple values for argument 'max_size'
2026-04-12 18:50:10,590 - INFO - Inspected image: OL2775807W_Pollyanna.jpg
2026-04-12 18:50:10,602 - INFO - Proportionally resized data\raw\images\OL2775807W_Pollyanna.jpg to 500x822
2026-04-12 18:50:10,602 - ERROR - Failed: OL2775807W_Pollyanna.jpg - generate_thumbnail() got multiple values for argument 'max_size'
2026-04-12 18:50:10,602 - INFO - Inspected image: OL30906747W_Core Python Programming.jpg
2026-04-12 18:50:10,613 - INFO - Proportionally resized data\raw\images\OL30906747W_Core Python Programming.jpg to 500x657
2026-04-12 18:50:10,613 - ERROR - Failed: OL30906747W_Core Python Programming.jpg - generate_thumbnail() got multiple values for argument 'max_size'
2026-04-12 18:50:10,614 - INFO - Inspected image: OL39360W_Orlando.jpg
2026-04-12 18:50:10,624 - INFO - Proportionally resized data\raw\images\OL39360W_Orlando.jpg to 500x760
2026-04-12 18:50:10,625 - ERROR - Failed: OL39360W_Orlando.jpg - generate_thumbnail() got multiple values for argument 'max_size'
2026-04-12 18:50:10,625 - INFO - Inspected image: OL46125W_Foundation.jpg
2026-04-12 18:50:10,636 - INFO - Proportionally resized data\raw\images\OL46125W_Foundation.jpg to 500x814
2026-04-12 18:50:10,636 - ERROR - Failed: OL46125W_Foundation.jpg - generate_thumbnail() got multiple values for argument 'max_size'
2026-04-12 18:50:10,637 - INFO - Inspected image: OL51148W_Babbitt.jpg
2026-04-12 18:50:10,648 - INFO - Proportionally resized data\raw\images\OL51148W_Babbitt.jpg to 500x847
2026-04-12 18:50:10,649 - ERROR - Failed: OL51148W_Babbitt.jpg - generate_thumbnail() got multiple values for argument 'max_size'
2026-04-12 18:50:10,649 - INFO - Inspected image: OL59688W_Stranger in a Strange Land.jpg
2026-04-12 18:50:10,660 - INFO - Proportionally resized data\raw\images\OL59688W_Stranger in a Strange Land.jpg to 500x830
2026-04-12 18:50:10,661 - ERROR - Failed: OL59688W_Stranger in a Strange Land.jpg - generate_thumbnail() got multiple values for argument 'max_size'
2026-04-12 18:50:10,662 - INFO - Inspected image: OL99541W_The Enchanted Castle.jpg
2026-04-12 18:50:10,673 - INFO - Proportionally resized data\raw\images\OL99541W_The Enchanted Castle.jpg to 500x730
2026-04-12 18:50:10,673 - ERROR - Failed: OL99541W_The Enchanted Castle.jpg - generate_thumbnail() got multiple values for argument 'max_size'
2026-04-12 18:50:10,674 - INFO - Batch complete. Success: 0, Errors: 10
2026-04-12 18:51:39,528 - INFO - Batch processing 10 images from data\raw\images
2026-04-12 18:51:39,558 - INFO - Inspected image: OL12409294W_Core Python programming.jpg
2026-04-12 18:51:39,559 - ERROR - Error in proportional resize data\raw\images\OL12409294W_Core Python programming.jpg: [WinError 183] Cannot create a file when that file already exists: 'data\\processed\\resized\\OL12409294W_Core Python programming_resized.jpg'
2026-04-12 18:51:39,559 - ERROR - Error generating thumbnail data\raw\images\OL12409294W_Core Python programming.jpg: [WinError 183] Cannot create a file when that file already exists: 'data\\processed\\thumbnails\\OL12409294W_Core Python programming_thumb.jpg'
2026-04-12 18:51:39,561 - ERROR - Failed: OL12409294W_Core Python programming.jpg - name 'Path' is not defined
2026-04-12 18:51:39,561 - INFO - Inspected image: OL1455042W_Heidi.jpg
2026-04-12 18:51:39,562 - ERROR - Error in proportional resize data\raw\images\OL1455042W_Heidi.jpg: [WinError 183] Cannot create a file when that file already exists: 'data\\processed\\resized\\OL1455042W_Heidi_resized.jpg'
2026-04-12 18:51:39,562 - ERROR - Error generating thumbnail data\raw\images\OL1455042W_Heidi.jpg: [WinError 183] Cannot create a file when that file already exists: 'data\\processed\\thumbnails\\OL1455042W_Heidi_thumb.jpg'
2026-04-12 18:51:39,564 - ERROR - Failed: OL1455042W_Heidi.jpg - name 'Path' is not defined
2026-04-12 18:51:39,565 - INFO - Inspected image: OL1960472W_The Science Fiction Hall of Fa.jpg
2026-04-12 18:51:39,575 - INFO - Proportionally resized data\raw\images\OL1960472W_The Science Fiction Hall of Fa.jpg to 500x744
2026-04-12 18:51:39,581 - INFO - Generated thumbnail for data\raw\images\OL1960472W_The Science Fiction Hall of Fa.jpg -> data\processed\thumbnails\OL1960472W_The Science Fiction Hall of Fa_thumb.jpg\OL1960472W_The Science Fiction Hall of Fa_thumb.jpg
2026-04-12 18:51:39,583 - ERROR - Failed: OL1960472W_The Science Fiction Hall of Fa.jpg - name 'Path' is not defined
2026-04-12 18:51:39,584 - INFO - Inspected image: OL2775807W_Pollyanna.jpg
2026-04-12 18:51:39,594 - INFO - Proportionally resized data\raw\images\OL2775807W_Pollyanna.jpg to 500x822
2026-04-12 18:51:39,600 - INFO - Generated thumbnail for data\raw\images\OL2775807W_Pollyanna.jpg -> data\processed\thumbnails\OL2775807W_Pollyanna_thumb.jpg\OL2775807W_Pollyanna_thumb.jpg
2026-04-12 18:51:39,601 - ERROR - Failed: OL2775807W_Pollyanna.jpg - name 'Path' is not defined
2026-04-12 18:51:39,602 - INFO - Inspected image: OL30906747W_Core Python Programming.jpg
2026-04-12 18:51:39,611 - INFO - Proportionally resized data\raw\images\OL30906747W_Core Python Programming.jpg to 500x657
2026-04-12 18:51:39,617 - INFO - Generated thumbnail for data\raw\images\OL30906747W_Core Python Programming.jpg -> data\processed\thumbnails\OL30906747W_Core Python Programming_thumb.jpg\OL30906747W_Core Python Programming_thumb.jpg
2026-04-12 18:51:39,619 - ERROR - Failed: OL30906747W_Core Python Programming.jpg - name 'Path' is not defined
2026-04-12 18:51:39,620 - INFO - Inspected image: OL39360W_Orlando.jpg
2026-04-12 18:51:39,629 - INFO - Proportionally resized data\raw\images\OL39360W_Orlando.jpg to 500x760
2026-04-12 18:51:39,633 - INFO - Generated thumbnail for data\raw\images\OL39360W_Orlando.jpg -> data\processed\thumbnails\OL39360W_Orlando_thumb.jpg\OL39360W_Orlando_thumb.jpg
2026-04-12 18:51:39,635 - ERROR - Failed: OL39360W_Orlando.jpg - name 'Path' is not defined
2026-04-12 18:51:39,635 - INFO - Inspected image: OL46125W_Foundation.jpg
2026-04-12 18:51:39,645 - INFO - Proportionally resized data\raw\images\OL46125W_Foundation.jpg to 500x814
2026-04-12 18:51:39,651 - INFO - Generated thumbnail for data\raw\images\OL46125W_Foundation.jpg -> data\processed\thumbnails\OL46125W_Foundation_thumb.jpg\OL46125W_Foundation_thumb.jpg
2026-04-12 18:51:39,653 - ERROR - Failed: OL46125W_Foundation.jpg - name 'Path' is not defined
2026-04-12 18:51:39,653 - INFO - Inspected image: OL51148W_Babbitt.jpg
2026-04-12 18:51:39,666 - INFO - Proportionally resized data\raw\images\OL51148W_Babbitt.jpg to 500x847
2026-04-12 18:51:39,671 - INFO - Generated thumbnail for data\raw\images\OL51148W_Babbitt.jpg -> data\processed\thumbnails\OL51148W_Babbitt_thumb.jpg\OL51148W_Babbitt_thumb.jpg
2026-04-12 18:51:39,672 - ERROR - Failed: OL51148W_Babbitt.jpg - name 'Path' is not defined
2026-04-12 18:51:39,673 - INFO - Inspected image: OL59688W_Stranger in a Strange Land.jpg
2026-04-12 18:51:39,684 - INFO - Proportionally resized data\raw\images\OL59688W_Stranger in a Strange Land.jpg to 500x830
2026-04-12 18:51:39,689 - INFO - Generated thumbnail for data\raw\images\OL59688W_Stranger in a Strange Land.jpg -> data\processed\thumbnails\OL59688W_Stranger in a Strange Land_thumb.jpg\OL59688W_Stranger in a Strange Land_thumb.jpg
2026-04-12 18:51:39,691 - ERROR - Failed: OL59688W_Stranger in a Strange Land.jpg - name 'Path' is not defined
2026-04-12 18:51:39,691 - INFO - Inspected image: OL99541W_The Enchanted Castle.jpg
2026-04-12 18:51:39,702 - INFO - Proportionally resized data\raw\images\OL99541W_The Enchanted Castle.jpg to 500x730
2026-04-12 18:51:39,707 - INFO - Generated thumbnail for data\raw\images\OL99541W_The Enchanted Castle.jpg -> data\processed\thumbnails\OL99541W_The Enchanted Castle_thumb.jpg\OL99541W_The Enchanted Castle_thumb.jpg
2026-04-12 18:51:39,709 - ERROR - Failed: OL99541W_The Enchanted Castle.jpg - name 'Path' is not defined
2026-04-12 18:51:39,710 - INFO - Batch complete. Success: 0, Errors: 10
